<?xml version="1.0" encoding="UTF-8"?>
<!-- Generated by org.testng.reporters.JUnitXMLReporter -->
<testsuite ignored="2" hostname="UMTAYD" failures="0" tests="1" name="Default test" time="7.637" errors="0" timestamp="2025-06-23T17:28:11 GMT+03:00">
  <testcase classname="optaAnalystTests.statTest.StatTest" name="createRecords" time="0.542"/>
  <testcase classname="optaAnalystTests.statTest.StatTest" name="createMatch" time="0.0">
    <ignored/>
  </testcase> <!-- createMatch -->
  <testcase classname="optaAnalystTests.statTest.StatTest" name="createTypes" time="0.0">
    <ignored/>
  </testcase> <!-- createTypes -->
</testsuite> <!-- Default test -->
