<?xml version="1.0" encoding="UTF-8"?>
<testng-results ignored="2" total="3" passed="1" failed="0" skipped="0">
  <reporter-output>
  </reporter-output>
  <suite started-at="2025-06-23T17:28:03 GMT+03:00" name="Default suite" finished-at="2025-06-23T17:28:11 GMT+03:00" duration-ms="7637">
    <groups>
    </groups>
    <test started-at="2025-06-23T17:28:03 GMT+03:00" name="Default test" finished-at="2025-06-23T17:28:11 GMT+03:00" duration-ms="7637">
      <class name="optaAnalystTests.statTest.StatTest">
        <test-method is-config="true" signature="setUp()[pri:0, instance:optaAnalystTests.statTest.StatTest@1165b38]" started-at="2025-06-23T17:28:03 GMT+03:00" name="setUp" finished-at="2025-06-23T17:28:10 GMT+03:00" duration-ms="6852" status="PASS">
          <reporter-output>
          </reporter-output>
        </test-method> <!-- setUp -->
        <test-method signature="createRecords()[pri:0, instance:optaAnalystTests.statTest.StatTest@1165b38]" started-at="2025-06-23T17:28:10 GMT+03:00" name="createRecords" finished-at="2025-06-23T17:28:11 GMT+03:00" duration-ms="542" status="PASS">
          <reporter-output>
          </reporter-output>
        </test-method> <!-- createRecords -->
        <test-method is-config="true" signature="tearDown()[pri:0, instance:optaAnalystTests.statTest.StatTest@1165b38]" started-at="2025-06-23T17:28:11 GMT+03:00" name="tearDown" finished-at="2025-06-23T17:28:11 GMT+03:00" duration-ms="219" status="PASS">
          <reporter-output>
          </reporter-output>
        </test-method> <!-- tearDown -->
      </class> <!-- optaAnalystTests.statTest.StatTest -->
    </test> <!-- Default test -->
  </suite> <!-- Default suite -->
</testng-results>
